[  2324.012] 
X.Org X Server 1.21.1.7
X Protocol Version 11, Revision 0
[  2324.013] Current Operating System: Linux debian 6.1.0-21-amd64 #1 SMP PREEMPT_DYNAMIC Debian 6.1.90-1 (2024-05-03) x86_64
[  2324.014] Kernel command line: BOOT_IMAGE=/boot/vmlinuz-6.1.0-21-amd64 root=UUID=dfd0d311-4c52-4d83-a63d-fc7d6b7a19a4 ro quiet
[  2324.014] xorg-server 2:21.1.7-3+deb12u7 (https://www.debian.org/support) 
[  2324.014] Current version of pixman: 0.42.2
[  2324.015] 	Before reporting problems, check http://wiki.x.org
	to make sure that you have the latest version.
[  2324.015] Markers: (--) probed, (**) from config file, (==) default setting,
	(++) from command line, (!!) notice, (II) informational,
	(WW) warning, (EE) error, (NI) not implemented, (??) unknown.
[  2324.016] (==) Log file: "/home/taras/.local/share/xorg/Xorg.0.log", Time: Thu May 30 21:15:00 2024
[  2324.021] (==) Using system config directory "/usr/share/X11/xorg.conf.d"
[  2324.023] (==) No Layout section.  Using the first Screen section.
[  2324.023] (==) No screen section available. Using defaults.
[  2324.023] (**) |-->Screen "Default Screen Section" (0)
[  2324.023] (**) |   |-->Monitor "<default monitor>"
[  2324.026] (==) No monitor specified for screen "Default Screen Section".
	Using a default monitor configuration.
[  2324.026] (==) Automatically adding devices
[  2324.026] (==) Automatically enabling devices
[  2324.026] (==) Automatically adding GPU devices
[  2324.026] (==) Automatically binding GPU devices
[  2324.026] (==) Max clients allowed: 256, resource mask: 0x1fffff
[  2324.027] (WW) The directory "/usr/share/fonts/X11/cyrillic" does not exist.
[  2324.027] 	Entry deleted from font path.
[  2324.027] (==) FontPath set to:
	/usr/share/fonts/X11/misc,
	/usr/share/fonts/X11/100dpi/:unscaled,
	/usr/share/fonts/X11/75dpi/:unscaled,
	/usr/share/fonts/X11/Type1,
	/usr/share/fonts/X11/100dpi,
	/usr/share/fonts/X11/75dpi,
	built-ins
[  2324.027] (==) ModulePath set to "/usr/lib/xorg/modules"
[  2324.027] (II) The server relies on udev to provide the list of input devices.
	If no devices become available, reconfigure udev or disable AutoAddDevices.
[  2324.027] (II) Loader magic: 0x561522c84f00
[  2324.027] (II) Module ABI versions:
[  2324.028] 	X.Org ANSI C Emulation: 0.4
[  2324.028] 	X.Org Video Driver: 25.2
[  2324.028] 	X.Org XInput driver : 24.4
[  2324.028] 	X.Org Server Extension : 10.0
[  2324.037] (++) using VT number 1

[  2324.051] (II) systemd-logind: took control of session /org/freedesktop/login1/session/_34
[  2324.056] (II) xfree86: Adding drm device (/dev/dri/card0)
[  2324.056] (II) Platform probe for /sys/devices/pci0000:00/0000:00:02.0/drm/card0
[  2324.061] (II) systemd-logind: got fd for /dev/dri/card0 226:0 fd 13 paused 0
[  2324.081] (--) PCI: (0@0:2:0) 1af4:1050:1af4:1100 rev 1, Mem @ 0xc0068000/4096, 0x800000000/16384
[  2324.081] (II) no primary bus or device found
[  2324.081] 	falling back to /sys/devices/pci0000:00/0000:00:02.0/drm/card0
[  2324.081] (II) LoadModule: "glx"
[  2324.083] (II) Loading /usr/lib/xorg/modules/extensions/libglx.so
[  2324.091] (II) Module glx: vendor="X.Org Foundation"
[  2324.092] 	compiled for 1.21.1.7, module version = 1.0.0
[  2324.092] 	ABI class: X.Org Server Extension, version 10.0
[  2324.092] (==) Matched modesetting as autoconfigured driver 0
[  2324.092] (==) Matched fbdev as autoconfigured driver 1
[  2324.092] (==) Matched vesa as autoconfigured driver 2
[  2324.092] (==) Assigned the driver to the xf86ConfigLayout
[  2324.093] (II) LoadModule: "modesetting"
[  2324.093] (II) Loading /usr/lib/xorg/modules/drivers/modesetting_drv.so
[  2324.094] (II) Module modesetting: vendor="X.Org Foundation"
[  2324.094] 	compiled for 1.21.1.7, module version = 1.21.1
[  2324.094] 	Module class: X.Org Video Driver
[  2324.094] 	ABI class: X.Org Video Driver, version 25.2
[  2324.094] (II) LoadModule: "fbdev"
[  2324.095] (II) Loading /usr/lib/xorg/modules/drivers/fbdev_drv.so
[  2324.095] (II) Module fbdev: vendor="X.Org Foundation"
[  2324.095] 	compiled for 1.21.1.3, module version = 0.5.0
[  2324.096] 	Module class: X.Org Video Driver
[  2324.096] 	ABI class: X.Org Video Driver, version 25.2
[  2324.096] (II) LoadModule: "vesa"
[  2324.096] (II) Loading /usr/lib/xorg/modules/drivers/vesa_drv.so
[  2324.097] (II) Module vesa: vendor="X.Org Foundation"
[  2324.097] 	compiled for 1.21.1.3, module version = 2.5.0
[  2324.097] 	Module class: X.Org Video Driver
[  2324.097] 	ABI class: X.Org Video Driver, version 25.2
[  2324.097] (II) modesetting: Driver for Modesetting Kernel Drivers: kms
[  2324.097] (II) FBDEV: driver for framebuffer: fbdev
[  2324.098] (II) VESA: driver for VESA chipsets: vesa
[  2324.098] xf86EnableIO: failed to enable I/O ports 0000-03ff (Operation not permitted)
[  2324.098] (II) modeset(0): using drv /dev/dri/card0
[  2324.099] (WW) Falling back to old probe method for fbdev
[  2324.099] (II) Loading sub module "fbdevhw"
[  2324.099] (II) LoadModule: "fbdevhw"
[  2324.099] (II) Loading /usr/lib/xorg/modules/libfbdevhw.so
[  2324.100] (II) Module fbdevhw: vendor="X.Org Foundation"
[  2324.101] 	compiled for 1.21.1.7, module version = 0.0.2
[  2324.101] 	ABI class: X.Org Video Driver, version 25.2
[  2324.101] (WW) VGA arbiter: cannot open kernel arbiter, no multi-card support
[  2324.102] (II) modeset(0): Creating default Display subsection in Screen section
	"Default Screen Section" for depth/fbbpp 24/32
[  2324.102] (==) modeset(0): Depth 24, (==) framebuffer bpp 32
[  2324.102] (==) modeset(0): RGB weight 888
[  2324.102] (==) modeset(0): Default visual is TrueColor
[  2324.102] (II) Loading sub module "glamoregl"
[  2324.102] (II) LoadModule: "glamoregl"
[  2324.103] (II) Loading /usr/lib/xorg/modules/libglamoregl.so
[  2324.132] (II) Module glamoregl: vendor="X.Org Foundation"
[  2324.133] 	compiled for 1.21.1.7, module version = 1.0.1
[  2324.133] 	ABI class: X.Org ANSI C Emulation, version 0.4
[  2324.506] (II) modeset(0): Refusing to try glamor on llvmpipe
[  2324.513] (II) modeset(0): glamor initialization failed
[  2324.513] (II) modeset(0): ShadowFB: preferred NO, enabled NO
[  2324.516] (II) modeset(0): Output Virtual-1 has no monitor section
[  2324.519] (II) modeset(0): EDID for output Virtual-1
[  2324.519] (II) modeset(0): Manufacturer: RHT  Model: 1234  Serial#: 0
[  2324.519] (II) modeset(0): Year: 2014  Week: 42
[  2324.519] (II) modeset(0): EDID Version: 1.4
[  2324.519] (II) modeset(0): Digital Display Input
[  2324.519] (II) modeset(0): 8 bits per channel
[  2324.519] (II) modeset(0): Digital interface is DisplayPort
[  2324.519] (II) modeset(0): Max Image Size [cm]: horiz.: 32  vert.: 20
[  2324.520] (II) modeset(0): Gamma: 2.20
[  2324.520] (II) modeset(0): No DPMS capabilities specified
[  2324.520] (II) modeset(0): Supported color encodings: RGB 4:4:4 
[  2324.520] (II) modeset(0): Default color space is primary color space
[  2324.520] (II) modeset(0): First detailed timing is preferred mode
[  2324.520] (II) modeset(0): Preferred mode is native pixel format and refresh rate
[  2324.520] (II) modeset(0): redX: 0.640 redY: 0.330   greenX: 0.300 greenY: 0.600
[  2324.520] (II) modeset(0): blueX: 0.150 blueY: 0.060   whiteX: 0.312 whiteY: 0.329
[  2324.520] (II) modeset(0): Supported established timings:
[  2324.520] (II) modeset(0): 640x480@60Hz
[  2324.521] (II) modeset(0): 800x600@60Hz
[  2324.521] (II) modeset(0): 1024x768@60Hz
[  2324.521] (II) modeset(0): Manufacturer's mask: 0
[  2324.521] (II) modeset(0): Supported standard timings:
[  2324.521] (II) modeset(0): #0: hsize: 2048  vsize 1152  refresh: 60  vid: 49377
[  2324.521] (II) modeset(0): #1: hsize: 1920  vsize 1080  refresh: 60  vid: 49361
[  2324.521] (II) modeset(0): #2: hsize: 1920  vsize 1200  refresh: 60  vid: 209
[  2324.521] (II) modeset(0): #3: hsize: 1600  vsize 1200  refresh: 60  vid: 16553
[  2324.521] (II) modeset(0): #4: hsize: 1680  vsize 1050  refresh: 60  vid: 179
[  2324.521] (II) modeset(0): #5: hsize: 1440  vsize 900  refresh: 60  vid: 149
[  2324.521] (II) modeset(0): #6: hsize: 1280  vsize 1024  refresh: 60  vid: 32897
[  2324.521] (II) modeset(0): #7: hsize: 1280  vsize 960  refresh: 60  vid: 16513
[  2324.521] (II) modeset(0): Supported detailed timing:
[  2324.521] (II) modeset(0): clock: 107.3 MHz   Image Size:  325 x 203 mm
[  2324.522] (II) modeset(0): h_active: 1280  h_sync: 1600  h_sync_end 1638 h_blank_end 1728 h_border: 0
[  2324.522] (II) modeset(0): v_active: 800  v_sync: 804  v_sync_end 808 v_blanking: 828 v_border: 0
[  2324.522] (II) modeset(0): Established timings III: (not decoded)
[  2324.522] (II) modeset(0): Ranges: V min: 50 V max: 125 Hz, H min: 30 H max: 160 kHz,
[  2324.522] (II) modeset(0): Monitor name: QEMU Monitor
[  2324.522] (II) modeset(0): Number of EDID sections to follow: 1
[  2324.522] (II) modeset(0): EDID (in hex):
[  2324.522] (II) modeset(0): 	00ffffffffffff004914341200000000
[  2324.522] (II) modeset(0): 	2a180104a520147806ee91a3544c9926
[  2324.522] (II) modeset(0): 	0f5054210800e1c0d1c0d100a940b300
[  2324.522] (II) modeset(0): 	950081808140ea2900c051201c304026
[  2324.522] (II) modeset(0): 	444045cb10000018000000f7000a0040
[  2324.523] (II) modeset(0): 	82002820000000000000000000fd0032
[  2324.523] (II) modeset(0): 	7d1ea0ff010a202020202020000000fc
[  2324.523] (II) modeset(0): 	0051454d55204d6f6e69746f720a013a
[  2324.523] (II) modeset(0): 	02030b00467d6560591f610000001000
[  2324.523] (II) modeset(0): 	00000000000000000000000000000000
[  2324.523] (II) modeset(0): 	10000000000000000000000000000000
[  2324.523] (II) modeset(0): 	00001000000000000000000000000000
[  2324.523] (II) modeset(0): 	00000000100000000000000000000000
[  2324.523] (II) modeset(0): 	00000000000010000000000000000000
[  2324.523] (II) modeset(0): 	00000000000000001000000000000000
[  2324.523] (II) modeset(0): 	0000000000000000000000000000002f
[  2324.524] (II) modeset(0): Printing probed modes for output Virtual-1
[  2324.524] (II) modeset(0): Modeline "1280x800"x75.0  107.30  1280 1600 1638 1728  800 804 808 828 -hsync -vsync (62.1 kHz eP)
[  2324.524] (II) modeset(0): Modeline "5120x2160"x50.0  742.50  5120 6216 6304 6600  2160 2168 2178 2250 +hsync +vsync (112.5 kHz e)
[  2324.524] (II) modeset(0): Modeline "4096x2160"x50.0  594.00  4096 5064 5152 5280  2160 2168 2178 2250 +hsync +vsync (112.5 kHz e)
[  2324.524] (II) modeset(0): Modeline "3840x2160"x60.0  594.00  3840 4016 4104 4400  2160 2168 2178 2250 +hsync +vsync (135.0 kHz e)
[  2324.524] (II) modeset(0): Modeline "3840x2160"x50.0  594.00  3840 4896 4984 5280  2160 2168 2178 2250 +hsync +vsync (112.5 kHz e)
[  2324.524] (II) modeset(0): Modeline "3840x2160"x59.9  593.41  3840 4016 4104 4400  2160 2168 2178 2250 +hsync +vsync (134.9 kHz e)
[  2324.524] (II) modeset(0): Modeline "1920x1440"x60.0  234.00  1920 2048 2256 2600  1440 1441 1444 1500 -hsync +vsync (90.0 kHz e)
[  2324.524] (II) modeset(0): Modeline "2560x1080"x50.0  185.62  2560 3108 3152 3300  1080 1084 1089 1125 +hsync +vsync (56.2 kHz e)
[  2324.524] (II) modeset(0): Modeline "1856x1392"x60.0  218.25  1856 1952 2176 2528  1392 1393 1396 1439 -hsync +vsync (86.3 kHz e)
[  2324.524] (II) modeset(0): Modeline "1792x1344"x60.0  204.75  1792 1920 2120 2448  1344 1345 1348 1394 -hsync +vsync (83.6 kHz e)
[  2324.524] (II) modeset(0): Modeline "2048x1152"x60.0  162.00  2048 2074 2154 2250  1152 1153 1156 1200 +hsync +vsync (72.0 kHz e)
[  2324.525] (II) modeset(0): Modeline "1920x1200"x59.9  193.25  1920 2056 2256 2592  1200 1203 1209 1245 -hsync +vsync (74.6 kHz e)
[  2324.525] (II) modeset(0): Modeline "1920x1080"x60.0  148.50  1920 2008 2052 2200  1080 1084 1089 1125 -hsync -vsync (67.5 kHz e)
[  2324.525] (II) modeset(0): Modeline "1920x1080"x50.0  148.50  1920 2448 2492 2640  1080 1084 1089 1125 +hsync +vsync (56.2 kHz e)
[  2324.525] (II) modeset(0): Modeline "1600x1200"x60.0  162.00  1600 1664 1856 2160  1200 1201 1204 1250 +hsync +vsync (75.0 kHz e)
[  2324.525] (II) modeset(0): Modeline "1680x1050"x60.0  146.25  1680 1784 1960 2240  1050 1053 1059 1089 -hsync +vsync (65.3 kHz e)
[  2324.525] (II) modeset(0): Modeline "1400x1050"x60.0  121.75  1400 1488 1632 1864  1050 1053 1057 1089 -hsync +vsync (65.3 kHz e)
[  2324.525] (II) modeset(0): Modeline "1280x1024"x60.0  108.00  1280 1328 1440 1688  1024 1025 1028 1066 +hsync +vsync (64.0 kHz e)
[  2324.525] (II) modeset(0): Modeline "1440x900"x59.9  106.50  1440 1520 1672 1904  900 903 909 934 -hsync +vsync (55.9 kHz e)
[  2324.525] (II) modeset(0): Modeline "1280x960"x60.0  108.00  1280 1376 1488 1800  960 961 964 1000 +hsync +vsync (60.0 kHz e)
[  2324.525] (II) modeset(0): Modeline "1360x768"x60.0   85.50  1360 1424 1536 1792  768 771 777 795 +hsync +vsync (47.7 kHz e)
[  2324.526] (II) modeset(0): Modeline "1280x768"x59.9   79.50  1280 1344 1472 1664  768 771 778 798 -hsync +vsync (47.8 kHz e)
[  2324.526] (II) modeset(0): Modeline "1024x768"x60.0   65.00  1024 1048 1184 1344  768 771 777 806 -hsync -vsync (48.4 kHz e)
[  2324.526] (II) modeset(0): Modeline "800x600"x60.3   40.00  800 840 968 1056  600 601 605 628 +hsync +vsync (37.9 kHz e)
[  2324.526] (II) modeset(0): Modeline "640x480"x60.0   25.20  640 656 752 800  480 490 492 525 -hsync -vsync (31.5 kHz e)
[  2324.526] (II) modeset(0): Modeline "640x480"x59.9   25.18  640 656 752 800  480 490 492 525 -hsync -vsync (31.5 kHz e)
[  2324.526] (II) modeset(0): Output Virtual-1 connected
[  2324.526] (II) modeset(0): Using exact sizes for initial modes
[  2324.526] (II) modeset(0): Output Virtual-1 using initial mode 1280x800 +0+0
[  2324.526] (==) modeset(0): Using gamma correction (1.0, 1.0, 1.0)
[  2324.526] (==) modeset(0): DPI set to (96, 96)
[  2324.526] (II) Loading sub module "fb"
[  2324.526] (II) LoadModule: "fb"
[  2324.526] (II) Module "fb" already built-in
[  2324.527] (II) UnloadModule: "fbdev"
[  2324.527] (II) Unloading fbdev
[  2324.527] (II) UnloadSubModule: "fbdevhw"
[  2324.527] (II) Unloading fbdevhw
[  2324.527] (II) UnloadModule: "vesa"
[  2324.528] (II) Unloading vesa
[  2324.541] (==) modeset(0): Backing store enabled
[  2324.541] (==) modeset(0): Silken mouse enabled
[  2324.542] (II) modeset(0): Initializing kms color map for depth 24, 8 bpc.
[  2324.542] (==) modeset(0): DPMS enabled
[  2324.542] (II) Initializing extension Generic Event Extension
[  2324.544] (II) Initializing extension SHAPE
[  2324.546] (II) Initializing extension MIT-SHM
[  2324.547] (II) Initializing extension XInputExtension
[  2324.549] (II) Initializing extension XTEST
[  2324.551] (II) Initializing extension BIG-REQUESTS
[  2324.553] (II) Initializing extension SYNC
[  2324.554] (II) Initializing extension XKEYBOARD
[  2324.556] (II) Initializing extension XC-MISC
[  2324.558] (II) Initializing extension SECURITY
[  2324.559] (II) Initializing extension XFIXES
[  2324.561] (II) Initializing extension RENDER
[  2324.562] (II) Initializing extension RANDR
[  2324.566] (II) Initializing extension COMPOSITE
[  2324.567] (II) Initializing extension DAMAGE
[  2324.569] (II) Initializing extension MIT-SCREEN-SAVER
[  2324.571] (II) Initializing extension DOUBLE-BUFFER
[  2324.572] (II) Initializing extension RECORD
[  2324.574] (II) Initializing extension DPMS
[  2324.576] (II) Initializing extension Present
[  2324.577] (II) Initializing extension DRI3
[  2324.577] (II) Initializing extension X-Resource
[  2324.579] (II) Initializing extension XVideo
[  2324.580] (II) Initializing extension XVideo-MotionCompensation
[  2324.580] (II) Initializing extension SELinux
[  2324.581] (II) SELinux: Disabled on system
[  2324.581] (II) Initializing extension GLX
[  2324.582] (II) AIGLX: Screen 0 is not DRI2 capable
[  2324.613] (II) IGLX: Loaded and initialized swrast
[  2324.613] (II) GLX: Initialized DRISWRAST GL provider for screen 0
[  2324.614] (II) Initializing extension XFree86-VidModeExtension
[  2324.615] (II) Initializing extension XFree86-DGA
[  2324.617] (II) Initializing extension XFree86-DRI
[  2324.617] (II) Initializing extension DRI2
[  2324.620] (II) modeset(0): Damage tracking initialized
[  2324.620] (II) modeset(0): Setting screen physical size to 338 x 211
[  2325.022] (II) config/udev: Adding input device Power Button (/dev/input/event3)
[  2325.023] (**) Power Button: Applying InputClass "libinput keyboard catchall"
[  2325.023] (II) LoadModule: "libinput"
[  2325.024] (II) Loading /usr/lib/xorg/modules/input/libinput_drv.so
[  2325.035] (II) Module libinput: vendor="X.Org Foundation"
[  2325.036] 	compiled for 1.21.1.3, module version = 1.2.1
[  2325.036] 	Module class: X.Org XInput Driver
[  2325.036] 	ABI class: X.Org XInput driver, version 24.4
[  2325.036] (II) Using input driver 'libinput' for 'Power Button'
[  2325.045] (II) systemd-logind: got fd for /dev/input/event3 13:67 fd 21 paused 0
[  2325.045] (**) Power Button: always reports core events
[  2325.045] (**) Option "Device" "/dev/input/event3"
[  2325.068] (II) event3  - Power Button: is tagged by udev as: Keyboard
[  2325.069] (II) event3  - Power Button: device is a keyboard
[  2325.070] (II) event3  - Power Button: device removed
[  2325.070] (**) Option "config_info" "udev:/sys/devices/LNXSYSTM:00/LNXPWRBN:00/input/input3/event3"
[  2325.071] (II) XINPUT: Adding extended input device "Power Button" (type: KEYBOARD, id 6)
[  2325.078] (II) event3  - Power Button: is tagged by udev as: Keyboard
[  2325.078] (II) event3  - Power Button: device is a keyboard
[  2325.089] (II) config/udev: Adding input device QEMU QEMU USB Tablet (/dev/input/event0)
[  2325.089] (**) QEMU QEMU USB Tablet: Applying InputClass "libinput pointer catchall"
[  2325.089] (II) Using input driver 'libinput' for 'QEMU QEMU USB Tablet'
[  2325.225] (II) systemd-logind: got fd for /dev/input/event0 13:64 fd 24 paused 0
[  2325.226] (**) QEMU QEMU USB Tablet: always reports core events
[  2325.226] (**) Option "Device" "/dev/input/event0"
[  2325.245] (II) event0  - QEMU QEMU USB Tablet: is tagged by udev as: Mouse
[  2325.249] (II) event0  - QEMU QEMU USB Tablet: device is a pointer
[  2325.251] (II) event0  - QEMU QEMU USB Tablet: device removed
[  2325.252] (**) Option "config_info" "udev:/sys/devices/pci0000:00/0000:00:1d.7/usb2/2-1/2-1:1.0/0003:0627:0001.0001/input/input0/event0"
[  2325.252] (II) XINPUT: Adding extended input device "QEMU QEMU USB Tablet" (type: MOUSE, id 7)
[  2325.254] (**) Option "AccelerationScheme" "none"
[  2325.254] (**) QEMU QEMU USB Tablet: (accel) selected scheme none/0
[  2325.254] (**) QEMU QEMU USB Tablet: (accel) acceleration factor: 2.000
[  2325.254] (**) QEMU QEMU USB Tablet: (accel) acceleration threshold: 4
[  2325.266] (II) event0  - QEMU QEMU USB Tablet: is tagged by udev as: Mouse
[  2325.269] (II) event0  - QEMU QEMU USB Tablet: device is a pointer
[  2325.277] (II) config/udev: Adding input device QEMU QEMU USB Tablet (/dev/input/mouse0)
[  2325.277] (II) No input driver specified, ignoring this device.
[  2325.277] (II) This device may have been added with another device file.
[  2325.284] (II) config/udev: Adding input device QEMU QEMU USB Mouse (/dev/input/event1)
[  2325.284] (**) QEMU QEMU USB Mouse: Applying InputClass "libinput pointer catchall"
[  2325.284] (II) Using input driver 'libinput' for 'QEMU QEMU USB Mouse'
[  2325.423] (II) systemd-logind: got fd for /dev/input/event1 13:65 fd 25 paused 0
[  2325.423] (**) QEMU QEMU USB Mouse: always reports core events
[  2325.423] (**) Option "Device" "/dev/input/event1"
[  2325.440] (II) event1  - QEMU QEMU USB Mouse: is tagged by udev as: Mouse
[  2325.442] (II) event1  - QEMU QEMU USB Mouse: device is a pointer
[  2325.444] (II) event1  - QEMU QEMU USB Mouse: device removed
[  2325.445] (**) Option "config_info" "udev:/sys/devices/pci0000:00/0000:00:1d.7/usb2/2-2/2-2:1.0/0003:0627:0001.0002/input/input1/event1"
[  2325.445] (II) XINPUT: Adding extended input device "QEMU QEMU USB Mouse" (type: MOUSE, id 8)
[  2325.448] (**) Option "AccelerationScheme" "none"
[  2325.448] (**) QEMU QEMU USB Mouse: (accel) selected scheme none/0
[  2325.448] (**) QEMU QEMU USB Mouse: (accel) acceleration factor: 2.000
[  2325.448] (**) QEMU QEMU USB Mouse: (accel) acceleration threshold: 4
[  2325.461] (II) event1  - QEMU QEMU USB Mouse: is tagged by udev as: Mouse
[  2325.462] (II) event1  - QEMU QEMU USB Mouse: device is a pointer
[  2325.470] (II) config/udev: Adding input device QEMU QEMU USB Mouse (/dev/input/mouse1)
[  2325.471] (II) No input driver specified, ignoring this device.
[  2325.471] (II) This device may have been added with another device file.
[  2325.478] (II) config/udev: Adding input device QEMU QEMU USB Keyboard (/dev/input/event2)
[  2325.478] (**) QEMU QEMU USB Keyboard: Applying InputClass "libinput keyboard catchall"
[  2325.478] (II) Using input driver 'libinput' for 'QEMU QEMU USB Keyboard'
[  2325.488] (II) systemd-logind: got fd for /dev/input/event2 13:66 fd 26 paused 0
[  2325.488] (**) QEMU QEMU USB Keyboard: always reports core events
[  2325.488] (**) Option "Device" "/dev/input/event2"
[  2325.503] (II) event2  - QEMU QEMU USB Keyboard: is tagged by udev as: Keyboard
[  2325.503] (II) event2  - QEMU QEMU USB Keyboard: device is a keyboard
[  2325.506] (II) event2  - QEMU QEMU USB Keyboard: device removed
[  2325.506] (**) Option "config_info" "udev:/sys/devices/pci0000:00/0000:00:1d.7/usb2/2-3/2-3:1.0/0003:0627:0001.0003/input/input2/event2"
[  2325.506] (II) XINPUT: Adding extended input device "QEMU QEMU USB Keyboard" (type: KEYBOARD, id 9)
[  2325.520] (II) event2  - QEMU QEMU USB Keyboard: is tagged by udev as: Keyboard
[  2325.521] (II) event2  - QEMU QEMU USB Keyboard: device is a keyboard
[  2325.527] (II) config/udev: Adding input device PC Speaker (/dev/input/event4)
[  2325.527] (II) No input driver specified, ignoring this device.
[  2325.527] (II) This device may have been added with another device file.
[  2325.651] (II) modeset(0): Allocate new frame buffer 640x480 stride
[  2335.380] (II) modeset(0): EDID vendor "RHT", prod id 4660
[  2335.380] (II) modeset(0): Using EDID range info for horizontal sync
[  2335.385] (II) modeset(0): Using EDID range info for vertical refresh
[  2335.385] (II) modeset(0): Printing DDC gathered Modelines:
[  2335.385] (II) modeset(0): Modeline "1280x800"x0.0  107.30  1280 1600 1638 1728  800 804 808 828 -hsync -vsync (62.1 kHz eP)
[  2335.385] (II) modeset(0): Modeline "1280x768"x0.0   79.50  1280 1344 1472 1664  768 771 778 798 -hsync +vsync (47.8 kHz e)
[  2335.385] (II) modeset(0): Modeline "1360x768"x0.0   85.50  1360 1424 1536 1792  768 771 777 795 +hsync +vsync (47.7 kHz e)
[  2335.386] (II) modeset(0): Modeline "1400x1050"x0.0  121.75  1400 1488 1632 1864  1050 1053 1057 1089 -hsync +vsync (65.3 kHz e)
[  2335.386] (II) modeset(0): Modeline "1792x1344"x0.0  204.75  1792 1920 2120 2448  1344 1345 1348 1394 -hsync +vsync (83.6 kHz e)
[  2335.386] (II) modeset(0): Modeline "1856x1392"x0.0  218.25  1856 1952 2176 2528  1392 1393 1396 1439 -hsync +vsync (86.3 kHz e)
[  2335.386] (II) modeset(0): Modeline "1920x1440"x0.0  234.00  1920 2048 2256 2600  1440 1441 1444 1500 -hsync +vsync (90.0 kHz e)
[  2335.386] (II) modeset(0): Modeline "1920x1080"x0.0  148.50  1920 2448 2492 2640  1080 1084 1089 1125 +hsync +vsync (56.2 kHz e)
[  2335.386] (II) modeset(0): Modeline "800x600"x0.0   40.00  800 840 968 1056  600 601 605 628 +hsync +vsync (37.9 kHz e)
[  2335.386] (II) modeset(0): Modeline "640x480"x0.0   25.18  640 656 752 800  480 490 492 525 -hsync -vsync (31.5 kHz e)
[  2335.386] (II) modeset(0): Modeline "1024x768"x0.0   65.00  1024 1048 1184 1344  768 771 777 806 -hsync -vsync (48.4 kHz e)
[  2335.386] (II) modeset(0): Modeline "2048x1152"x60.0  197.97  2048 2184 2408 2768  1152 1153 1156 1192 -hsync +vsync (71.5 kHz e)
[  2335.386] (II) modeset(0): Modeline "1920x1080"x60.0  172.80  1920 2040 2248 2576  1080 1081 1084 1118 -hsync +vsync (67.1 kHz e)
[  2335.386] (II) modeset(0): Modeline "1920x1200"x0.0  193.25  1920 2056 2256 2592  1200 1203 1209 1245 -hsync +vsync (74.6 kHz e)
[  2335.386] (II) modeset(0): Modeline "1600x1200"x0.0  162.00  1600 1664 1856 2160  1200 1201 1204 1250 +hsync +vsync (75.0 kHz e)
[  2335.387] (II) modeset(0): Modeline "1680x1050"x0.0  146.25  1680 1784 1960 2240  1050 1053 1059 1089 -hsync +vsync (65.3 kHz e)
[  2335.387] (II) modeset(0): Modeline "1440x900"x0.0  106.50  1440 1520 1672 1904  900 903 909 934 -hsync +vsync (55.9 kHz e)
[  2335.387] (II) modeset(0): Modeline "1280x1024"x0.0  108.00  1280 1328 1440 1688  1024 1025 1028 1066 +hsync +vsync (64.0 kHz e)
[  2335.387] (II) modeset(0): Modeline "1280x960"x0.0  108.00  1280 1376 1488 1800  960 961 964 1000 +hsync +vsync (60.0 kHz e)
[  2335.679] (II) modeset(0): EDID vendor "RHT", prod id 4660
[  2335.679] (II) modeset(0): Using hsync ranges from config file
[  2335.679] (II) modeset(0): Using vrefresh ranges from config file
[  2335.679] (II) modeset(0): Printing DDC gathered Modelines:
[  2335.680] (II) modeset(0): Modeline "1280x800"x0.0  107.30  1280 1600 1638 1728  800 804 808 828 -hsync -vsync (62.1 kHz eP)
[  2335.680] (II) modeset(0): Modeline "1280x768"x0.0   79.50  1280 1344 1472 1664  768 771 778 798 -hsync +vsync (47.8 kHz e)
[  2335.680] (II) modeset(0): Modeline "1360x768"x0.0   85.50  1360 1424 1536 1792  768 771 777 795 +hsync +vsync (47.7 kHz e)
[  2335.680] (II) modeset(0): Modeline "1400x1050"x0.0  121.75  1400 1488 1632 1864  1050 1053 1057 1089 -hsync +vsync (65.3 kHz e)
[  2335.680] (II) modeset(0): Modeline "1792x1344"x0.0  204.75  1792 1920 2120 2448  1344 1345 1348 1394 -hsync +vsync (83.6 kHz e)
[  2335.680] (II) modeset(0): Modeline "1856x1392"x0.0  218.25  1856 1952 2176 2528  1392 1393 1396 1439 -hsync +vsync (86.3 kHz e)
[  2335.680] (II) modeset(0): Modeline "1920x1440"x0.0  234.00  1920 2048 2256 2600  1440 1441 1444 1500 -hsync +vsync (90.0 kHz e)
[  2335.680] (II) modeset(0): Modeline "1920x1080"x0.0  148.50  1920 2448 2492 2640  1080 1084 1089 1125 +hsync +vsync (56.2 kHz e)
[  2335.680] (II) modeset(0): Modeline "800x600"x0.0   40.00  800 840 968 1056  600 601 605 628 +hsync +vsync (37.9 kHz e)
[  2335.680] (II) modeset(0): Modeline "640x480"x0.0   25.18  640 656 752 800  480 490 492 525 -hsync -vsync (31.5 kHz e)
[  2335.680] (II) modeset(0): Modeline "1024x768"x0.0   65.00  1024 1048 1184 1344  768 771 777 806 -hsync -vsync (48.4 kHz e)
[  2335.680] (II) modeset(0): Modeline "2048x1152"x60.0  197.97  2048 2184 2408 2768  1152 1153 1156 1192 -hsync +vsync (71.5 kHz e)
[  2335.681] (II) modeset(0): Modeline "1920x1080"x60.0  172.80  1920 2040 2248 2576  1080 1081 1084 1118 -hsync +vsync (67.1 kHz e)
[  2335.681] (II) modeset(0): Modeline "1920x1200"x0.0  193.25  1920 2056 2256 2592  1200 1203 1209 1245 -hsync +vsync (74.6 kHz e)
[  2335.681] (II) modeset(0): Modeline "1600x1200"x0.0  162.00  1600 1664 1856 2160  1200 1201 1204 1250 +hsync +vsync (75.0 kHz e)
[  2335.681] (II) modeset(0): Modeline "1680x1050"x0.0  146.25  1680 1784 1960 2240  1050 1053 1059 1089 -hsync +vsync (65.3 kHz e)
[  2335.681] (II) modeset(0): Modeline "1440x900"x0.0  106.50  1440 1520 1672 1904  900 903 909 934 -hsync +vsync (55.9 kHz e)
[  2335.681] (II) modeset(0): Modeline "1280x1024"x0.0  108.00  1280 1328 1440 1688  1024 1025 1028 1066 +hsync +vsync (64.0 kHz e)
[  2335.681] (II) modeset(0): Modeline "1280x960"x0.0  108.00  1280 1376 1488 1800  960 961 964 1000 +hsync +vsync (60.0 kHz e)
