[    26.415] 
X.Org X Server 1.21.1.7
X Protocol Version 11, Revision 0
[    26.415] Current Operating System: Linux yoshipad 6.1.0-22-amd64 #1 SMP PREEMPT_DYNAMIC Debian 6.1.94-1 (2024-06-21) x86_64
[    26.415] Kernel command line: BOOT_IMAGE=/boot/vmlinuz-6.1.0-22-amd64 root=UUID=b894770d-ec6f-434f-94ec-bd84e1cb5842 ro quiet
[    26.415] xorg-server 2:21.1.7-3+deb12u7 (https://www.debian.org/support) 
[    26.415] Current version of pixman: 0.42.2
[    26.415] 	Before reporting problems, check http://wiki.x.org
	to make sure that you have the latest version.
[    26.415] Markers: (--) probed, (**) from config file, (==) default setting,
	(++) from command line, (!!) notice, (II) informational,
	(WW) warning, (EE) error, (NI) not implemented, (??) unknown.
[    26.416] (==) Log file: "/home/taras/.local/share/xorg/Xorg.0.log", Time: Wed Jan 29 22:27:52 2025
[    26.417] (==) Using config directory: "/etc/X11/xorg.conf.d"
[    26.417] (==) Using system config directory "/usr/share/X11/xorg.conf.d"
[    26.418] (==) No Layout section.  Using the first Screen section.
[    26.418] (==) No screen section available. Using defaults.
[    26.418] (**) |-->Screen "Default Screen Section" (0)
[    26.418] (**) |   |-->Monitor "<default monitor>"
[    26.418] (==) No monitor specified for screen "Default Screen Section".
	Using a default monitor configuration.
[    26.419] (==) Automatically adding devices
[    26.419] (==) Automatically enabling devices
[    26.419] (==) Automatically adding GPU devices
[    26.419] (==) Automatically binding GPU devices
[    26.419] (==) Max clients allowed: 256, resource mask: 0x1fffff
[    26.419] (WW) The directory "/usr/share/fonts/X11/cyrillic" does not exist.
[    26.419] 	Entry deleted from font path.
[    26.420] (==) FontPath set to:
	/usr/share/fonts/X11/misc,
	/usr/share/fonts/X11/100dpi/:unscaled,
	/usr/share/fonts/X11/75dpi/:unscaled,
	/usr/share/fonts/X11/Type1,
	/usr/share/fonts/X11/100dpi,
	/usr/share/fonts/X11/75dpi,
	built-ins
[    26.420] (==) ModulePath set to "/usr/lib/xorg/modules"
[    26.420] (II) The server relies on udev to provide the list of input devices.
	If no devices become available, reconfigure udev or disable AutoAddDevices.
[    26.420] (II) Loader magic: 0x5594a1046f00
[    26.420] (II) Module ABI versions:
[    26.420] 	X.Org ANSI C Emulation: 0.4
[    26.420] 	X.Org Video Driver: 25.2
[    26.420] 	X.Org XInput driver : 24.4
[    26.420] 	X.Org Server Extension : 10.0
[    26.421] (++) using VT number 1

[    26.423] (II) systemd-logind: took control of session /org/freedesktop/login1/session/_31
[    26.425] (II) xfree86: Adding drm device (/dev/dri/card1)
[    26.425] (II) Platform probe for /sys/devices/pci0000:00/0000:00:02.0/drm/card1
[    26.426] (II) systemd-logind: got fd for /dev/dri/card1 226:1 fd 13 paused 0
[    26.426] (II) xfree86: Adding drm device (/dev/dri/card0)
[    26.426] (II) Platform probe for /sys/devices/pci0000:00/0000:00:1c.0/0000:01:00.0/drm/card0
[    26.427] (II) systemd-logind: got fd for /dev/dri/card0 226:0 fd 14 paused 0
[    26.432] (--) PCI:*(0@0:2:0) 8086:5917:17aa:225e rev 7, Mem @ 0xe7000000/16777216, 0xc0000000/268435456, I/O @ 0x0000e000/64, BIOS @ 0x????????/131072
[    26.433] (--) PCI: (1@0:0:0) 10de:1d10:17aa:225e rev 161, Mem @ 0xe8000000/16777216, 0x70000000/268435456, 0x80000000/33554432, I/O @ 0x0000d000/128
[    26.433] (II) LoadModule: "glx"
[    26.433] (II) Loading /usr/lib/xorg/modules/extensions/libglx.so
[    26.439] (II) Module glx: vendor="X.Org Foundation"
[    26.439] 	compiled for 1.21.1.7, module version = 1.0.0
[    26.439] 	ABI class: X.Org Server Extension, version 10.0
[    26.508] (==) Matched modesetting as autoconfigured driver 0
[    26.508] (==) Matched fbdev as autoconfigured driver 1
[    26.508] (==) Matched vesa as autoconfigured driver 2
[    26.508] (==) Assigned the driver to the xf86ConfigLayout
[    26.508] (II) LoadModule: "modesetting"
[    26.509] (II) Loading /usr/lib/xorg/modules/drivers/modesetting_drv.so
[    26.510] (II) Module modesetting: vendor="X.Org Foundation"
[    26.510] 	compiled for 1.21.1.7, module version = 1.21.1
[    26.510] 	Module class: X.Org Video Driver
[    26.510] 	ABI class: X.Org Video Driver, version 25.2
[    26.510] (II) LoadModule: "fbdev"
[    26.511] (II) Loading /usr/lib/xorg/modules/drivers/fbdev_drv.so
[    26.511] (II) Module fbdev: vendor="X.Org Foundation"
[    26.511] 	compiled for 1.21.1.3, module version = 0.5.0
[    26.511] 	Module class: X.Org Video Driver
[    26.511] 	ABI class: X.Org Video Driver, version 25.2
[    26.511] (II) LoadModule: "vesa"
[    26.512] (II) Loading /usr/lib/xorg/modules/drivers/vesa_drv.so
[    26.512] (II) Module vesa: vendor="X.Org Foundation"
[    26.512] 	compiled for 1.21.1.3, module version = 2.5.0
[    26.512] 	Module class: X.Org Video Driver
[    26.512] 	ABI class: X.Org Video Driver, version 25.2
[    26.512] (II) modesetting: Driver for Modesetting Kernel Drivers: kms
[    26.512] (II) FBDEV: driver for framebuffer: fbdev
[    26.512] (II) VESA: driver for VESA chipsets: vesa
[    26.513] xf86EnableIO: failed to enable I/O ports 0000-03ff (Operation not permitted)
[    26.513] (II) modeset(0): using drv /dev/dri/card1
[    26.513] (WW) Falling back to old probe method for fbdev
[    26.513] (II) Loading sub module "fbdevhw"
[    26.513] (II) LoadModule: "fbdevhw"
[    26.513] (II) Loading /usr/lib/xorg/modules/libfbdevhw.so
[    26.514] (II) Module fbdevhw: vendor="X.Org Foundation"
[    26.514] 	compiled for 1.21.1.7, module version = 0.0.2
[    26.514] 	ABI class: X.Org Video Driver, version 25.2
[    26.514] (II) modeset(G0): using drv /dev/dri/card0
[    26.514] (WW) VGA arbiter: cannot open kernel arbiter, no multi-card support
[    26.514] (II) modeset(0): Creating default Display subsection in Screen section
	"Default Screen Section" for depth/fbbpp 24/32
[    26.514] (==) modeset(0): Depth 24, (==) framebuffer bpp 32
[    26.514] (==) modeset(0): RGB weight 888
[    26.514] (==) modeset(0): Default visual is TrueColor
[    26.514] (II) Loading sub module "glamoregl"
[    26.514] (II) LoadModule: "glamoregl"
[    26.514] (II) Loading /usr/lib/xorg/modules/libglamoregl.so
[    26.527] (II) Module glamoregl: vendor="X.Org Foundation"
[    26.527] 	compiled for 1.21.1.7, module version = 1.0.1
[    26.527] 	ABI class: X.Org ANSI C Emulation, version 0.4
[    26.784] (II) modeset(0): glamor X acceleration enabled on Mesa Intel(R) UHD Graphics 620 (KBL GT2)
[    26.784] (II) modeset(0): glamor initialized
[    26.784] (==) modeset(0): VariableRefresh: disabled
[    26.784] (==) modeset(0): AsyncFlipSecondaries: disabled
[    26.786] (II) modeset(0): Output eDP-1 has no monitor section
[    26.787] (II) modeset(0): Output DP-1 has no monitor section
[    26.897] (II) modeset(0): Output HDMI-1 has no monitor section
[    26.897] (II) modeset(0): Output DP-2 has no monitor section
[    26.901] (II) modeset(0): Output HDMI-2 has no monitor section
[    26.903] (II) modeset(0): EDID for output eDP-1
[    26.904] (II) modeset(0): Manufacturer: LGD  Model: 58b  Serial#: 0
[    26.904] (II) modeset(0): Year: 2016  Week: 0
[    26.904] (II) modeset(0): EDID Version: 1.4
[    26.904] (II) modeset(0): Digital Display Input
[    26.904] (II) modeset(0): 8 bits per channel
[    26.904] (II) modeset(0): Digital interface is DisplayPort
[    26.904] (II) modeset(0): Max Image Size [cm]: horiz.: 31  vert.: 17
[    26.904] (II) modeset(0): Gamma: 2.20
[    26.904] (II) modeset(0): DPMS capabilities: StandBy Suspend Off
[    26.904] (II) modeset(0): Supported color encodings: RGB 4:4:4 
[    26.904] (II) modeset(0): First detailed timing is preferred mode
[    26.904] (II) modeset(0): Preferred mode is native pixel format and refresh rate
[    26.904] (II) modeset(0): redX: 0.630 redY: 0.313   greenX: 0.274 greenY: 0.616
[    26.904] (II) modeset(0): blueX: 0.160 blueY: 0.060   whiteX: 0.313 whiteY: 0.329
[    26.904] (II) modeset(0): Manufacturer's mask: 0
[    26.904] (II) modeset(0): Supported detailed timing:
[    26.904] (II) modeset(0): clock: 241.7 MHz   Image Size:  309 x 174 mm
[    26.904] (II) modeset(0): h_active: 2560  h_sync: 2608  h_sync_end 2640 h_blank_end 2720 h_border: 0
[    26.904] (II) modeset(0): v_active: 1440  v_sync: 1450  v_sync_end 1455 v_blanking: 1481 v_border: 0
[    26.904] (II) modeset(0):  LG Display
[    26.904] (II) modeset(0):  LP140QH2-SPB1
[    26.904] (II) modeset(0): EDID (in hex):
[    26.904] (II) modeset(0): 	00ffffffffffff0030e48b0500000000
[    26.904] (II) modeset(0): 	001a0104a51f1178e25715a150469d29
[    26.904] (II) modeset(0): 	0f505400000001010101010101010101
[    26.904] (II) modeset(0): 	010101010101695e00a0a0a029503020
[    26.904] (II) modeset(0): 	a50035ae1000001a0000000000000000
[    26.904] (II) modeset(0): 	00000000000000000000000000fe004c
[    26.904] (II) modeset(0): 	4720446973706c61790a2020000000fe
[    26.904] (II) modeset(0): 	004c503134305148322d5350423100b8
[    26.905] (II) modeset(0): Printing probed modes for output eDP-1
[    26.905] (II) modeset(0): Modeline "2560x1440"x60.0  241.69  2560 2608 2640 2720  1440 1450 1455 1481 +hsync -vsync (88.9 kHz eP)
[    26.905] (II) modeset(0): Modeline "2560x1440"x120.0  638.25  2560 2780 3064 3568  1440 1441 1444 1491 doublescan -hsync +vsync (178.9 kHz d)
[    26.905] (II) modeset(0): Modeline "2560x1440"x120.0  469.12  2560 2584 2600 2640  1440 1441 1444 1481 doublescan +hsync -vsync (177.7 kHz d)
[    26.905] (II) modeset(0): Modeline "2560x1440"x60.0  312.25  2560 2752 3024 3488  1440 1443 1448 1493 -hsync +vsync (89.5 kHz d)
[    26.905] (II) modeset(0): Modeline "2560x1440"x60.0  241.50  2560 2608 2640 2720  1440 1443 1448 1481 +hsync -vsync (88.8 kHz d)
[    26.905] (II) modeset(0): Modeline "1920x1440"x60.0  234.00  1920 2048 2256 2600  1440 1441 1444 1500 -hsync +vsync (90.0 kHz d)
[    26.905] (II) modeset(0): Modeline "1856x1392"x60.0  218.30  1856 1952 2176 2528  1392 1393 1396 1439 -hsync +vsync (86.4 kHz d)
[    26.905] (II) modeset(0): Modeline "1792x1344"x60.0  204.80  1792 1920 2120 2448  1344 1345 1348 1394 -hsync +vsync (83.7 kHz d)
[    26.905] (II) modeset(0): Modeline "2048x1152"x120.0  406.50  2048 2220 2444 2840  1152 1153 1156 1193 doublescan -hsync +vsync (143.1 kHz d)
[    26.905] (II) modeset(0): Modeline "2048x1152"x120.0  302.50  2048 2072 2088 2128  1152 1153 1156 1185 doublescan +hsync -vsync (142.2 kHz d)
[    26.905] (II) modeset(0): Modeline "2048x1152"x59.9  197.00  2048 2184 2400 2752  1152 1155 1160 1195 -hsync +vsync (71.6 kHz d)
[    26.905] (II) modeset(0): Modeline "2048x1152"x59.9  156.75  2048 2096 2128 2208  1152 1155 1160 1185 +hsync -vsync (71.0 kHz d)
[    26.905] (II) modeset(0): Modeline "1920x1200"x59.9  193.25  1920 2056 2256 2592  1200 1203 1209 1245 -hsync +vsync (74.6 kHz d)
[    26.905] (II) modeset(0): Modeline "1920x1200"x60.0  154.00  1920 1968 2000 2080  1200 1203 1209 1235 +hsync -vsync (74.0 kHz d)
[    26.905] (II) modeset(0): Modeline "1920x1080"x120.0  356.38  1920 2080 2288 2656  1080 1081 1084 1118 doublescan -hsync +vsync (134.2 kHz d)
[    26.905] (II) modeset(0): Modeline "1920x1080"x119.9  266.50  1920 1944 1960 2000  1080 1081 1084 1111 doublescan +hsync -vsync (133.2 kHz d)
[    26.905] (II) modeset(0): Modeline "1920x1080"x60.0  173.00  1920 2048 2248 2576  1080 1083 1088 1120 -hsync +vsync (67.2 kHz d)
[    26.905] (II) modeset(0): Modeline "1920x1080"x59.9  138.50  1920 1968 2000 2080  1080 1083 1088 1111 +hsync -vsync (66.6 kHz d)
[    26.905] (II) modeset(0): Modeline "1600x1200"x60.0  162.00  1600 1664 1856 2160  1200 1201 1204 1250 +hsync +vsync (75.0 kHz d)
[    26.905] (II) modeset(0): Modeline "1680x1050"x60.0  146.25  1680 1784 1960 2240  1050 1053 1059 1089 -hsync +vsync (65.3 kHz d)
[    26.905] (II) modeset(0): Modeline "1680x1050"x59.9  119.00  1680 1728 1760 1840  1050 1053 1059 1080 +hsync -vsync (64.7 kHz d)
[    26.905] (II) modeset(0): Modeline "1400x1050"x60.0  122.00  1400 1488 1640 1880  1050 1052 1064 1082 +hsync +vsync (64.9 kHz d)
[    26.905] (II) modeset(0): Modeline "1600x900"x120.0  246.00  1600 1728 1900 2200  900 901 904 932 doublescan -hsync +vsync (111.8 kHz d)
[    26.905] (II) modeset(0): Modeline "1600x900"x119.9  186.50  1600 1624 1640 1680  900 901 904 926 doublescan +hsync -vsync (111.0 kHz d)
[    26.905] (II) modeset(0): Modeline "1600x900"x59.9  118.25  1600 1696 1856 2112  900 903 908 934 -hsync +vsync (56.0 kHz d)
[    26.905] (II) modeset(0): Modeline "1600x900"x59.8   97.50  1600 1648 1680 1760  900 903 908 926 +hsync -vsync (55.4 kHz d)
[    26.905] (II) modeset(0): Modeline "1280x1024"x60.0  108.00  1280 1328 1440 1688  1024 1025 1028 1066 +hsync +vsync (64.0 kHz d)
[    26.905] (II) modeset(0): Modeline "1400x900"x60.0  103.50  1400 1480 1624 1848  900 903 913 934 -hsync +vsync (56.0 kHz d)
[    26.906] (II) modeset(0): Modeline "1400x900"x59.9   86.50  1400 1448 1480 1560  900 903 913 926 +hsync -vsync (55.4 kHz d)
[    26.906] (II) modeset(0): Modeline "1280x960"x60.0  108.00  1280 1376 1488 1800  960 961 964 1000 +hsync +vsync (60.0 kHz d)
[    26.906] (II) modeset(0): Modeline "1440x810"x120.0  198.12  1440 1548 1704 1968  810 811 814 839 doublescan -hsync +vsync (100.7 kHz d)
[    26.906] (II) modeset(0): Modeline "1440x810"x119.9  151.88  1440 1464 1480 1520  810 811 814 833 doublescan +hsync -vsync (99.9 kHz d)
[    26.906] (II) modeset(0): Modeline "1368x768"x59.9   85.25  1368 1440 1576 1784  768 771 781 798 -hsync +vsync (47.8 kHz d)
[    26.906] (II) modeset(0): Modeline "1368x768"x59.9   72.25  1368 1416 1448 1528  768 771 781 790 +hsync -vsync (47.3 kHz d)
[    26.906] (II) modeset(0): Modeline "1280x800"x120.0  174.25  1280 1380 1516 1752  800 801 804 829 doublescan -hsync +vsync (99.5 kHz d)
[    26.906] (II) modeset(0): Modeline "1280x800"x119.9  134.25  1280 1304 1320 1360  800 801 804 823 doublescan +hsync -vsync (98.7 kHz d)
[    26.906] (II) modeset(0): Modeline "1280x800"x59.8   83.50  1280 1352 1480 1680  800 803 809 831 -hsync +vsync (49.7 kHz d)
[    26.906] (II) modeset(0): Modeline "1280x800"x59.9   71.00  1280 1328 1360 1440  800 803 809 823 +hsync -vsync (49.3 kHz d)
[    26.906] (II) modeset(0): Modeline "1280x720"x120.0  156.12  1280 1376 1512 1744  720 721 724 746 doublescan -hsync +vsync (89.5 kHz d)
[    26.906] (II) modeset(0): Modeline "1280x720"x120.0  120.75  1280 1304 1320 1360  720 721 724 740 doublescan +hsync -vsync (88.8 kHz d)
[    26.906] (II) modeset(0): Modeline "1280x720"x59.9   74.50  1280 1344 1472 1664  720 723 728 748 -hsync +vsync (44.8 kHz d)
[    26.906] (II) modeset(0): Modeline "1280x720"x59.7   63.75  1280 1328 1360 1440  720 723 728 741 +hsync -vsync (44.3 kHz d)
[    26.906] (II) modeset(0): Modeline "1024x768"x120.1  133.47  1024 1100 1212 1400  768 768 770 794 doublescan -hsync +vsync (95.3 kHz d)
[    26.906] (II) modeset(0): Modeline "1024x768"x60.0   65.00  1024 1048 1184 1344  768 771 777 806 -hsync -vsync (48.4 kHz d)
[    26.906] (II) modeset(0): Modeline "960x720"x120.0  117.00  960 1024 1128 1300  720 720 722 750 doublescan -hsync +vsync (90.0 kHz d)
[    26.906] (II) modeset(0): Modeline "928x696"x120.1  109.15  928 976 1088 1264  696 696 698 719 doublescan -hsync +vsync (86.4 kHz d)
[    26.906] (II) modeset(0): Modeline "896x672"x120.0  102.40  896 960 1060 1224  672 672 674 697 doublescan -hsync +vsync (83.7 kHz d)
[    26.906] (II) modeset(0): Modeline "1024x576"x119.9   98.50  1024 1092 1200 1376  576 577 580 597 doublescan -hsync +vsync (71.6 kHz d)
[    26.906] (II) modeset(0): Modeline "1024x576"x119.9   78.38  1024 1048 1064 1104  576 577 580 592 doublescan +hsync -vsync (71.0 kHz d)
[    26.906] (II) modeset(0): Modeline "1024x576"x59.9   46.50  1024 1064 1160 1296  576 579 584 599 -hsync +vsync (35.9 kHz d)
[    26.906] (II) modeset(0): Modeline "1024x576"x59.8   42.00  1024 1072 1104 1184  576 579 584 593 +hsync -vsync (35.5 kHz d)
[    26.906] (II) modeset(0): Modeline "960x600"x119.9   96.62  960 1028 1128 1296  600 601 604 622 doublescan -hsync +vsync (74.6 kHz d)
[    26.906] (II) modeset(0): Modeline "960x600"x120.0   77.00  960 984 1000 1040  600 601 604 617 doublescan +hsync -vsync (74.0 kHz d)
[    26.906] (II) modeset(0): Modeline "960x540"x119.9   86.50  960 1024 1124 1288  540 541 544 560 doublescan -hsync +vsync (67.2 kHz d)
[    26.906] (II) modeset(0): Modeline "960x540"x120.0   69.25  960 984 1000 1040  540 541 544 555 doublescan +hsync -vsync (66.6 kHz d)
[    26.906] (II) modeset(0): Modeline "960x540"x59.6   40.75  960 992 1088 1216  540 543 548 562 -hsync +vsync (33.5 kHz d)
[    26.906] (II) modeset(0): Modeline "960x540"x59.8   37.25  960 1008 1040 1120  540 543 548 556 +hsync -vsync (33.3 kHz d)
[    26.906] (II) modeset(0): Modeline "800x600"x120.0   81.00  800 832 928 1080  600 600 602 625 doublescan +hsync +vsync (75.0 kHz d)
[    26.906] (II) modeset(0): Modeline "800x600"x60.3   40.00  800 840 968 1056  600 601 605 628 +hsync +vsync (37.9 kHz d)
[    26.906] (II) modeset(0): Modeline "800x600"x56.2   36.00  800 824 896 1024  600 601 603 625 +hsync +vsync (35.2 kHz d)
[    26.906] (II) modeset(0): Modeline "840x525"x120.0   73.12  840 892 980 1120  525 526 529 544 doublescan -hsync +vsync (65.3 kHz d)
[    26.906] (II) modeset(0): Modeline "840x525"x119.8   59.50  840 864 880 920  525 526 529 540 doublescan +hsync -vsync (64.7 kHz d)
[    26.906] (II) modeset(0): Modeline "864x486"x59.9   32.50  864 888 968 1072  486 489 494 506 -hsync +vsync (30.3 kHz d)
[    26.906] (II) modeset(0): Modeline "864x486"x59.6   30.50  864 912 944 1024  486 489 494 500 +hsync -vsync (29.8 kHz d)
[    26.906] (II) modeset(0): Modeline "700x525"x120.0   61.00  700 744 820 940  525 526 532 541 doublescan +hsync +vsync (64.9 kHz d)
[    26.906] (II) modeset(0): Modeline "800x450"x119.9   59.12  800 848 928 1056  450 451 454 467 doublescan -hsync +vsync (56.0 kHz d)
[    26.906] (II) modeset(0): Modeline "800x450"x119.6   48.75  800 824 840 880  450 451 454 463 doublescan +hsync -vsync (55.4 kHz d)
[    26.906] (II) modeset(0): Modeline "640x512"x120.0   54.00  640 664 720 844  512 512 514 533 doublescan +hsync +vsync (64.0 kHz d)
[    26.906] (II) modeset(0): Modeline "700x450"x119.9   51.75  700 740 812 924  450 451 456 467 doublescan -hsync +vsync (56.0 kHz d)
[    26.906] (II) modeset(0): Modeline "700x450"x119.8   43.25  700 724 740 780  450 451 456 463 doublescan +hsync -vsync (55.4 kHz d)
[    26.906] (II) modeset(0): Modeline "640x480"x120.0   54.00  640 688 744 900  480 480 482 500 doublescan +hsync +vsync (60.0 kHz d)
[    26.906] (II) modeset(0): Modeline "640x480"x59.9   25.18  640 656 752 800  480 490 492 525 -hsync -vsync (31.5 kHz d)
[    26.906] (II) modeset(0): Modeline "720x405"x59.5   22.50  720 744 808 896  405 408 413 422 -hsync +vsync (25.1 kHz d)
[    26.906] (II) modeset(0): Modeline "720x405"x59.0   21.75  720 768 800 880  405 408 413 419 +hsync -vsync (24.7 kHz d)
[    26.906] (II) modeset(0): Modeline "684x384"x119.8   42.62  684 720 788 892  384 385 390 399 doublescan -hsync +vsync (47.8 kHz d)
[    26.907] (II) modeset(0): Modeline "684x384"x119.7   36.12  684 708 724 764  384 385 390 395 doublescan +hsync -vsync (47.3 kHz d)
[    26.907] (II) modeset(0): Modeline "640x400"x119.8   41.75  640 676 740 840  400 401 404 415 doublescan -hsync +vsync (49.7 kHz d)
[    26.907] (II) modeset(0): Modeline "640x400"x120.0   35.50  640 664 680 720  400 401 404 411 doublescan +hsync -vsync (49.3 kHz d)
[    26.907] (II) modeset(0): Modeline "640x360"x119.7   37.25  640 672 736 832  360 361 364 374 doublescan -hsync +vsync (44.8 kHz d)
[    26.907] (II) modeset(0): Modeline "640x360"x119.7   31.88  640 664 680 720  360 361 364 370 doublescan +hsync -vsync (44.3 kHz d)
[    26.907] (II) modeset(0): Modeline "640x360"x59.8   18.00  640 664 720 800  360 363 368 376 -hsync +vsync (22.5 kHz d)
[    26.907] (II) modeset(0): Modeline "640x360"x59.3   17.75  640 688 720 800  360 363 368 374 +hsync -vsync (22.2 kHz d)
[    26.907] (II) modeset(0): Modeline "512x384"x120.0   32.50  512 524 592 672  384 385 388 403 doublescan -hsync -vsync (48.4 kHz d)
[    26.907] (II) modeset(0): Modeline "512x288"x120.0   23.25  512 532 580 648  288 289 292 299 doublescan -hsync +vsync (35.9 kHz d)
[    26.907] (II) modeset(0): Modeline "512x288"x119.8   21.00  512 536 552 592  288 289 292 296 doublescan +hsync -vsync (35.5 kHz d)
[    26.907] (II) modeset(0): Modeline "480x270"x119.3   20.38  480 496 544 608  270 271 274 281 doublescan -hsync +vsync (33.5 kHz d)
[    26.907] (II) modeset(0): Modeline "480x270"x119.6   18.62  480 504 520 560  270 271 274 278 doublescan +hsync -vsync (33.3 kHz d)
[    26.907] (II) modeset(0): Modeline "400x300"x120.6   20.00  400 420 484 528  300 300 302 314 doublescan +hsync +vsync (37.9 kHz d)
[    26.907] (II) modeset(0): Modeline "400x300"x112.7   18.00  400 412 448 512  300 300 301 312 doublescan +hsync +vsync (35.2 kHz d)
[    26.907] (II) modeset(0): Modeline "432x243"x119.8   16.25  432 444 484 536  243 244 247 253 doublescan -hsync +vsync (30.3 kHz d)
[    26.907] (II) modeset(0): Modeline "432x243"x119.1   15.25  432 456 472 512  243 244 247 250 doublescan +hsync -vsync (29.8 kHz d)
[    26.907] (II) modeset(0): Modeline "320x240"x120.1   12.59  320 328 376 400  240 245 246 262 doublescan -hsync -vsync (31.5 kHz d)
[    26.907] (II) modeset(0): Modeline "360x202"x119.0   11.25  360 372 404 448  202 204 206 211 doublescan -hsync +vsync (25.1 kHz d)
[    26.907] (II) modeset(0): Modeline "360x202"x118.3   10.88  360 384 400 440  202 204 206 209 doublescan +hsync -vsync (24.7 kHz d)
[    26.907] (II) modeset(0): Modeline "320x180"x119.7    9.00  320 332 360 400  180 181 184 188 doublescan -hsync +vsync (22.5 kHz d)
[    26.907] (II) modeset(0): Modeline "320x180"x118.6    8.88  320 344 360 400  180 181 184 187 doublescan +hsync -vsync (22.2 kHz d)
[    26.907] (II) modeset(0): EDID for output DP-1
[    27.018] (II) modeset(0): EDID for output HDMI-1
[    27.018] (II) modeset(0): EDID for output DP-2
[    27.021] (II) modeset(0): EDID for output HDMI-2
[    27.021] (II) modeset(0): Output eDP-1 connected
[    27.021] (II) modeset(0): Output DP-1 disconnected
[    27.021] (II) modeset(0): Output HDMI-1 disconnected
[    27.021] (II) modeset(0): Output DP-2 disconnected
[    27.021] (II) modeset(0): Output HDMI-2 disconnected
[    27.021] (II) modeset(0): Using exact sizes for initial modes
[    27.021] (II) modeset(0): Output eDP-1 using initial mode 2560x1440 +0+0
[    27.021] (==) modeset(0): Using gamma correction (1.0, 1.0, 1.0)
[    27.021] (==) modeset(0): DPI set to (96, 96)
[    27.022] (II) Loading sub module "fb"
[    27.022] (II) LoadModule: "fb"
[    27.022] (II) Module "fb" already built-in
[    27.022] (==) modeset(G0): Depth 24, (==) framebuffer bpp 32
[    27.022] (==) modeset(G0): RGB weight 888
[    27.022] (==) modeset(G0): Default visual is TrueColor
[    27.022] (II) Loading sub module "glamoregl"
[    27.022] (II) LoadModule: "glamoregl"
[    27.022] (II) Loading /usr/lib/xorg/modules/libglamoregl.so
[    27.022] (II) Module glamoregl: vendor="X.Org Foundation"
[    27.022] 	compiled for 1.21.1.7, module version = 1.0.1
[    27.022] 	ABI class: X.Org ANSI C Emulation, version 0.4
[    27.194] (II) modeset(G0): glamor X acceleration enabled on NV138
[    27.194] (II) modeset(G0): glamor initialized
[    27.194] (==) modeset(G0): Using gamma correction (1.0, 1.0, 1.0)
[    27.194] (==) modeset(G0): DPI set to (96, 96)
[    27.194] (II) Loading sub module "fb"
[    27.194] (II) LoadModule: "fb"
[    27.195] (II) Module "fb" already built-in
[    27.195] (II) UnloadModule: "fbdev"
[    27.195] (II) Unloading fbdev
[    27.195] (II) UnloadSubModule: "fbdevhw"
[    27.195] (II) Unloading fbdevhw
[    27.195] (II) UnloadModule: "vesa"
[    27.195] (II) Unloading vesa
[    27.217] (==) modeset(0): Backing store enabled
[    27.217] (==) modeset(0): Silken mouse enabled
[    27.308] (II) modeset(0): Initializing kms color map for depth 24, 8 bpc.
[    27.308] (==) modeset(0): DPMS enabled
[    27.308] (II) modeset(0): [DRI2] Setup complete
[    27.308] (II) modeset(0): [DRI2]   DRI driver: iris
[    27.308] (II) modeset(0): [DRI2]   VDPAU driver: va_gl
[    27.317] (==) modeset(G0): Backing store enabled
[    27.317] (==) modeset(G0): Silken mouse enabled
[    27.317] (II) modeset(G0): Initializing kms color map for depth 24, 8 bpc.
[    27.317] (==) modeset(G0): DPMS enabled
[    27.317] (II) modeset(G0): [DRI2] Setup complete
[    27.317] (II) modeset(G0): [DRI2]   DRI driver: nouveau
[    27.317] (II) modeset(G0): [DRI2]   VDPAU driver: nouveau
[    27.317] (II) Initializing extension Generic Event Extension
[    27.318] (II) Initializing extension SHAPE
[    27.318] (II) Initializing extension MIT-SHM
[    27.318] (II) Initializing extension XInputExtension
[    27.319] (II) Initializing extension XTEST
[    27.319] (II) Initializing extension BIG-REQUESTS
[    27.319] (II) Initializing extension SYNC
[    27.319] (II) Initializing extension XKEYBOARD
[    27.319] (II) Initializing extension XC-MISC
[    27.320] (II) Initializing extension SECURITY
[    27.320] (II) Initializing extension XFIXES
[    27.320] (II) Initializing extension RENDER
[    27.320] (II) Initializing extension RANDR
[    27.321] (II) Initializing extension COMPOSITE
[    27.321] (II) Initializing extension DAMAGE
[    27.321] (II) Initializing extension MIT-SCREEN-SAVER
[    27.322] (II) Initializing extension DOUBLE-BUFFER
[    27.322] (II) Initializing extension RECORD
[    27.322] (II) Initializing extension DPMS
[    27.322] (II) Initializing extension Present
[    27.323] (II) Initializing extension DRI3
[    27.323] (II) Initializing extension X-Resource
[    27.323] (II) Initializing extension XVideo
[    27.324] (II) Initializing extension XVideo-MotionCompensation
[    27.324] (II) Initializing extension SELinux
[    27.324] (II) SELinux: Disabled on system
[    27.324] (II) Initializing extension GLX
[    27.332] (II) AIGLX: Loaded and initialized iris
[    27.332] (II) GLX: Initialized DRI2 GL provider for screen 0
[    27.332] (II) Initializing extension XFree86-VidModeExtension
[    27.332] (II) Initializing extension XFree86-DGA
[    27.332] (II) Initializing extension XFree86-DRI
[    27.332] (II) Initializing extension DRI2
[    27.332] (II) modeset(G0): Damage tracking initialized
[    27.333] (II) modeset(0): Damage tracking initialized
[    27.333] (II) modeset(0): Setting screen physical size to 677 x 381
[    27.434] (II) config/udev: Adding input device Power Button (/dev/input/event3)
[    27.434] (**) Power Button: Applying InputClass "libinput keyboard catchall"
[    27.434] (**) Power Button: Applying InputClass "system-keyboard"
[    27.434] (II) LoadModule: "libinput"
[    27.435] (II) Loading /usr/lib/xorg/modules/input/libinput_drv.so
[    27.440] (II) Module libinput: vendor="X.Org Foundation"
[    27.440] 	compiled for 1.21.1.3, module version = 1.2.1
[    27.440] 	Module class: X.Org XInput Driver
[    27.440] 	ABI class: X.Org XInput driver, version 24.4
[    27.440] (II) Using input driver 'libinput' for 'Power Button'
[    27.442] (II) systemd-logind: got fd for /dev/input/event3 13:67 fd 32 paused 0
[    27.442] (**) Power Button: always reports core events
[    27.442] (**) Option "Device" "/dev/input/event3"
[    27.450] (II) event3  - Power Button: is tagged by udev as: Keyboard
[    27.450] (II) event3  - Power Button: device is a keyboard
[    27.451] (II) event3  - Power Button: device removed
[    27.451] (**) Option "config_info" "udev:/sys/devices/LNXSYSTM:00/LNXPWRBN:00/input/input5/event3"
[    27.451] (II) XINPUT: Adding extended input device "Power Button" (type: KEYBOARD, id 6)
[    27.451] (**) Option "xkb_model" "pc105"
[    27.451] (**) Option "xkb_layout" "us"
[    27.451] (**) Option "xkb_options" "ctrl:nocaps"
[    27.493] (II) event3  - Power Button: is tagged by udev as: Keyboard
[    27.493] (II) event3  - Power Button: device is a keyboard
[    27.495] (II) config/udev: Adding input device Video Bus (/dev/input/event8)
[    27.495] (**) Video Bus: Applying InputClass "libinput keyboard catchall"
[    27.495] (**) Video Bus: Applying InputClass "system-keyboard"
[    27.495] (II) Using input driver 'libinput' for 'Video Bus'
[    27.496] (II) systemd-logind: got fd for /dev/input/event8 13:72 fd 35 paused 0
[    27.496] (**) Video Bus: always reports core events
[    27.496] (**) Option "Device" "/dev/input/event8"
[    27.499] (II) event8  - Video Bus: is tagged by udev as: Keyboard
[    27.499] (II) event8  - Video Bus: device is a keyboard
[    27.499] (II) event8  - Video Bus: device removed
[    27.500] (**) Option "config_info" "udev:/sys/devices/LNXSYSTM:00/LNXSYBUS:00/PNP0A08:00/LNXVIDEO:00/input/input10/event8"
[    27.500] (II) XINPUT: Adding extended input device "Video Bus" (type: KEYBOARD, id 7)
[    27.500] (**) Option "xkb_model" "pc105"
[    27.500] (**) Option "xkb_layout" "us"
[    27.500] (**) Option "xkb_options" "ctrl:nocaps"
[    27.502] (II) event8  - Video Bus: is tagged by udev as: Keyboard
[    27.502] (II) event8  - Video Bus: device is a keyboard
[    27.504] (II) config/udev: Adding input device Video Bus (/dev/input/event9)
[    27.504] (**) Video Bus: Applying InputClass "libinput keyboard catchall"
[    27.504] (**) Video Bus: Applying InputClass "system-keyboard"
[    27.504] (II) Using input driver 'libinput' for 'Video Bus'
[    27.506] (II) systemd-logind: got fd for /dev/input/event9 13:73 fd 36 paused 0
[    27.506] (**) Video Bus: always reports core events
[    27.506] (**) Option "Device" "/dev/input/event9"
[    27.509] (II) event9  - Video Bus: is tagged by udev as: Keyboard
[    27.509] (II) event9  - Video Bus: device is a keyboard
[    27.509] (II) event9  - Video Bus: device removed
[    27.509] (**) Option "config_info" "udev:/sys/devices/LNXSYSTM:00/LNXSYBUS:00/PNP0A08:00/device:35/LNXVIDEO:01/input/input11/event9"
[    27.510] (II) XINPUT: Adding extended input device "Video Bus" (type: KEYBOARD, id 8)
[    27.510] (**) Option "xkb_model" "pc105"
[    27.510] (**) Option "xkb_layout" "us"
[    27.510] (**) Option "xkb_options" "ctrl:nocaps"
[    27.513] (II) event9  - Video Bus: is tagged by udev as: Keyboard
[    27.513] (II) event9  - Video Bus: device is a keyboard
[    27.514] (II) config/udev: Adding input device Lid Switch (/dev/input/event2)
[    27.514] (II) No input driver specified, ignoring this device.
[    27.514] (II) This device may have been added with another device file.
[    27.516] (II) config/udev: Adding input device Sleep Button (/dev/input/event1)
[    27.516] (**) Sleep Button: Applying InputClass "libinput keyboard catchall"
[    27.516] (**) Sleep Button: Applying InputClass "system-keyboard"
[    27.516] (II) Using input driver 'libinput' for 'Sleep Button'
[    27.517] (II) systemd-logind: got fd for /dev/input/event1 13:65 fd 37 paused 0
[    27.517] (**) Sleep Button: always reports core events
[    27.517] (**) Option "Device" "/dev/input/event1"
[    27.520] (II) event1  - Sleep Button: is tagged by udev as: Keyboard
[    27.520] (II) event1  - Sleep Button: device is a keyboard
[    27.520] (II) event1  - Sleep Button: device removed
[    27.520] (**) Option "config_info" "udev:/sys/devices/LNXSYSTM:00/LNXSYBUS:00/PNP0C0E:00/input/input3/event1"
[    27.520] (II) XINPUT: Adding extended input device "Sleep Button" (type: KEYBOARD, id 9)
[    27.520] (**) Option "xkb_model" "pc105"
[    27.520] (**) Option "xkb_layout" "us"
[    27.520] (**) Option "xkb_options" "ctrl:nocaps"
[    27.523] (II) event1  - Sleep Button: is tagged by udev as: Keyboard
[    27.523] (II) event1  - Sleep Button: device is a keyboard
[    27.526] (II) config/udev: Adding input device Integrated IR Camera: Integrate (/dev/input/event10)
[    27.526] (**) Integrated IR Camera: Integrate: Applying InputClass "libinput keyboard catchall"
[    27.526] (**) Integrated IR Camera: Integrate: Applying InputClass "system-keyboard"
[    27.526] (II) Using input driver 'libinput' for 'Integrated IR Camera: Integrate'
[    27.528] (II) systemd-logind: got fd for /dev/input/event10 13:74 fd 38 paused 0
[    27.528] (**) Integrated IR Camera: Integrate: always reports core events
[    27.528] (**) Option "Device" "/dev/input/event10"
[    27.531] (II) event10 - Integrated IR Camera: Integrate: is tagged by udev as: Keyboard
[    27.531] (II) event10 - Integrated IR Camera: Integrate: device is a keyboard
[    27.532] (II) event10 - Integrated IR Camera: Integrate: device removed
[    27.532] (**) Option "config_info" "udev:/sys/devices/pci0000:00/0000:00:14.0/usb1/1-5/1-5:1.0/input/input12/event10"
[    27.532] (II) XINPUT: Adding extended input device "Integrated IR Camera: Integrate" (type: KEYBOARD, id 10)
[    27.532] (**) Option "xkb_model" "pc105"
[    27.532] (**) Option "xkb_layout" "us"
[    27.532] (**) Option "xkb_options" "ctrl:nocaps"
[    27.535] (II) event10 - Integrated IR Camera: Integrate: is tagged by udev as: Keyboard
[    27.535] (II) event10 - Integrated IR Camera: Integrate: device is a keyboard
[    27.537] (II) config/udev: Adding input device Integrated Camera: Integrated C (/dev/input/event17)
[    27.538] (**) Integrated Camera: Integrated C: Applying InputClass "libinput keyboard catchall"
[    27.538] (**) Integrated Camera: Integrated C: Applying InputClass "system-keyboard"
[    27.538] (II) Using input driver 'libinput' for 'Integrated Camera: Integrated C'
[    27.539] (II) systemd-logind: got fd for /dev/input/event17 13:81 fd 39 paused 0
[    27.539] (**) Integrated Camera: Integrated C: always reports core events
[    27.539] (**) Option "Device" "/dev/input/event17"
[    27.542] (II) event17 - Integrated Camera: Integrated C: is tagged by udev as: Keyboard
[    27.543] (II) event17 - Integrated Camera: Integrated C: device is a keyboard
[    27.543] (II) event17 - Integrated Camera: Integrated C: device removed
[    27.543] (**) Option "config_info" "udev:/sys/devices/pci0000:00/0000:00:14.0/usb1/1-8/1-8:1.0/input/input19/event17"
[    27.543] (II) XINPUT: Adding extended input device "Integrated Camera: Integrated C" (type: KEYBOARD, id 11)
[    27.543] (**) Option "xkb_model" "pc105"
[    27.543] (**) Option "xkb_layout" "us"
[    27.543] (**) Option "xkb_options" "ctrl:nocaps"
[    27.547] (II) event17 - Integrated Camera: Integrated C: is tagged by udev as: Keyboard
[    27.547] (II) event17 - Integrated Camera: Integrated C: device is a keyboard
[    27.549] (II) config/udev: Adding input device HDA Digital PCBeep (/dev/input/event11)
[    27.549] (II) No input driver specified, ignoring this device.
[    27.549] (II) This device may have been added with another device file.
[    27.550] (II) config/udev: Adding input device HDA Intel PCH Mic (/dev/input/event12)
[    27.550] (II) No input driver specified, ignoring this device.
[    27.550] (II) This device may have been added with another device file.
[    27.551] (II) config/udev: Adding input device HDA Intel PCH Headphone (/dev/input/event13)
[    27.551] (II) No input driver specified, ignoring this device.
[    27.551] (II) This device may have been added with another device file.
[    27.552] (II) config/udev: Adding input device HDA Intel PCH HDMI/DP,pcm=3 (/dev/input/event14)
[    27.552] (II) No input driver specified, ignoring this device.
[    27.552] (II) This device may have been added with another device file.
[    27.553] (II) config/udev: Adding input device HDA Intel PCH HDMI/DP,pcm=7 (/dev/input/event15)
[    27.553] (II) No input driver specified, ignoring this device.
[    27.553] (II) This device may have been added with another device file.
[    27.554] (II) config/udev: Adding input device HDA Intel PCH HDMI/DP,pcm=8 (/dev/input/event16)
[    27.554] (II) No input driver specified, ignoring this device.
[    27.554] (II) This device may have been added with another device file.
[    27.555] (II) config/udev: Adding input device Synaptics TM3276-022 (/dev/input/event5)
[    27.555] (**) Synaptics TM3276-022: Applying InputClass "libinput touchpad catchall"
[    27.555] (II) Using input driver 'libinput' for 'Synaptics TM3276-022'
[    27.557] (II) systemd-logind: got fd for /dev/input/event5 13:69 fd 40 paused 0
[    27.557] (**) Synaptics TM3276-022: always reports core events
[    27.557] (**) Option "Device" "/dev/input/event5"
[    27.560] (II) event5  - Synaptics TM3276-022: is tagged by udev as: Touchpad
[    27.566] (II) event5  - Synaptics TM3276-022: device is a touchpad
[    27.566] (II) event5  - Synaptics TM3276-022: device removed
[    27.567] (**) Option "config_info" "udev:/sys/devices/pci0000:00/0000:00:1f.4/i2c-0/0-002c/rmi4-00/input/input8/event5"
[    27.567] (II) XINPUT: Adding extended input device "Synaptics TM3276-022" (type: TOUCHPAD, id 12)
[    27.572] (**) Option "AccelerationScheme" "none"
[    27.572] (**) Synaptics TM3276-022: (accel) selected scheme none/0
[    27.572] (**) Synaptics TM3276-022: (accel) acceleration factor: 2.000
[    27.572] (**) Synaptics TM3276-022: (accel) acceleration threshold: 4
[    27.575] (II) event5  - Synaptics TM3276-022: is tagged by udev as: Touchpad
[    27.581] (II) event5  - Synaptics TM3276-022: device is a touchpad
[    27.583] (II) config/udev: Adding input device Synaptics TM3276-022 (/dev/input/mouse0)
[    27.583] (II) No input driver specified, ignoring this device.
[    27.583] (II) This device may have been added with another device file.
[    27.585] (II) config/udev: Adding input device TPPS/2 IBM TrackPoint (/dev/input/event7)
[    27.585] (**) TPPS/2 IBM TrackPoint: Applying InputClass "libinput pointer catchall"
[    27.585] (II) Using input driver 'libinput' for 'TPPS/2 IBM TrackPoint'
[    27.587] (II) systemd-logind: got fd for /dev/input/event7 13:71 fd 41 paused 0
[    27.587] (**) TPPS/2 IBM TrackPoint: always reports core events
[    27.587] (**) Option "Device" "/dev/input/event7"
[    27.591] (II) event7  - TPPS/2 IBM TrackPoint: is tagged by udev as: Mouse Pointingstick
[    27.592] (II) event7  - TPPS/2 IBM TrackPoint: trackpoint multiplier is 0.40
[    27.593] (II) event7  - TPPS/2 IBM TrackPoint: device is a pointer
[    27.596] (II) event7  - TPPS/2 IBM TrackPoint: device removed
[    27.596] (**) Option "config_info" "udev:/sys/devices/pci0000:00/0000:00:1f.4/i2c-0/0-002c/rmi4-00/rmi4-00.fn03/serio2/input/input9/event7"
[    27.596] (II) XINPUT: Adding extended input device "TPPS/2 IBM TrackPoint" (type: MOUSE, id 13)
[    27.597] (**) Option "AccelerationScheme" "none"
[    27.597] (**) TPPS/2 IBM TrackPoint: (accel) selected scheme none/0
[    27.597] (**) TPPS/2 IBM TrackPoint: (accel) acceleration factor: 2.000
[    27.597] (**) TPPS/2 IBM TrackPoint: (accel) acceleration threshold: 4
[    27.600] (II) event7  - TPPS/2 IBM TrackPoint: is tagged by udev as: Mouse Pointingstick
[    27.601] (II) event7  - TPPS/2 IBM TrackPoint: trackpoint multiplier is 0.40
[    27.602] (II) event7  - TPPS/2 IBM TrackPoint: device is a pointer
[    27.607] (II) config/udev: Adding input device TPPS/2 IBM TrackPoint (/dev/input/mouse1)
[    27.607] (II) No input driver specified, ignoring this device.
[    27.607] (II) This device may have been added with another device file.
[    27.608] (II) config/udev: Adding input device AT Translated Set 2 keyboard (/dev/input/event0)
[    27.608] (**) AT Translated Set 2 keyboard: Applying InputClass "libinput keyboard catchall"
[    27.608] (**) AT Translated Set 2 keyboard: Applying InputClass "system-keyboard"
[    27.608] (II) Using input driver 'libinput' for 'AT Translated Set 2 keyboard'
[    27.610] (II) systemd-logind: got fd for /dev/input/event0 13:64 fd 42 paused 0
[    27.610] (**) AT Translated Set 2 keyboard: always reports core events
[    27.610] (**) Option "Device" "/dev/input/event0"
[    27.612] (II) event0  - AT Translated Set 2 keyboard: is tagged by udev as: Keyboard
[    27.612] (II) event0  - AT Translated Set 2 keyboard: device is a keyboard
[    27.614] (II) event0  - AT Translated Set 2 keyboard: device removed
[    27.614] (**) Option "config_info" "udev:/sys/devices/platform/i8042/serio0/input/input0/event0"
[    27.614] (II) XINPUT: Adding extended input device "AT Translated Set 2 keyboard" (type: KEYBOARD, id 14)
[    27.614] (**) Option "xkb_model" "pc105"
[    27.614] (**) Option "xkb_layout" "us"
[    27.614] (**) Option "xkb_options" "ctrl:nocaps"
[    27.616] (II) event0  - AT Translated Set 2 keyboard: is tagged by udev as: Keyboard
[    27.616] (II) event0  - AT Translated Set 2 keyboard: device is a keyboard
[    27.618] (II) config/udev: Adding input device PC Speaker (/dev/input/event4)
[    27.618] (II) No input driver specified, ignoring this device.
[    27.618] (II) This device may have been added with another device file.
[    27.620] (II) config/udev: Adding input device ThinkPad Extra Buttons (/dev/input/event6)
[    27.620] (**) ThinkPad Extra Buttons: Applying InputClass "libinput keyboard catchall"
[    27.620] (**) ThinkPad Extra Buttons: Applying InputClass "system-keyboard"
[    27.620] (II) Using input driver 'libinput' for 'ThinkPad Extra Buttons'
[    27.621] (II) systemd-logind: got fd for /dev/input/event6 13:70 fd 43 paused 0
[    27.621] (**) ThinkPad Extra Buttons: always reports core events
[    27.621] (**) Option "Device" "/dev/input/event6"
[    27.622] (II) event6  - ThinkPad Extra Buttons: is tagged by udev as: Keyboard Switch
[    27.622] (II) event6  - ThinkPad Extra Buttons: device is a keyboard
[    27.623] (II) event6  - ThinkPad Extra Buttons: device removed
[    27.623] (**) Option "config_info" "udev:/sys/devices/platform/thinkpad_acpi/input/input7/event6"
[    27.623] (II) XINPUT: Adding extended input device "ThinkPad Extra Buttons" (type: KEYBOARD, id 15)
[    27.623] (**) Option "xkb_model" "pc105"
[    27.623] (**) Option "xkb_layout" "us"
[    27.623] (**) Option "xkb_options" "ctrl:nocaps"
[    27.624] (II) event6  - ThinkPad Extra Buttons: is tagged by udev as: Keyboard Switch
[    27.624] (II) event6  - ThinkPad Extra Buttons: device is a keyboard
[   962.649] (II) modeset(0): EDID vendor "LGD", prod id 1419
[   962.649] (II) modeset(0): Printing DDC gathered Modelines:
[   962.649] (II) modeset(0): Modeline "2560x1440"x0.0  241.69  2560 2608 2640 2720  1440 1450 1455 1481 +hsync -vsync (88.9 kHz eP)
[  1008.632] (II) modeset(0): EDID vendor "LGD", prod id 1419
[  1008.632] (II) modeset(0): Printing DDC gathered Modelines:
[  1008.632] (II) modeset(0): Modeline "2560x1440"x0.0  241.69  2560 2608 2640 2720  1440 1450 1455 1481 +hsync -vsync (88.9 kHz eP)
[  1008.632] (II) event0  - AT Translated Set 2 keyboard: SYN_DROPPED event - some input events have been lost.
